<?xml version="1.0" encoding="UTF-8"?>
<!-- Generated by org.testng.reporters.JUnitReportReporter -->
<testsuite hostname="Zacs-MacBook-Pro.local" failures="0" tests="2" name="tests.LoginSuccess" time="2.966" errors="0" timestamp="2021-05-19T07:31:26 PDT" skipped="0">
  <testcase classname="tests.LoginSuccess" name="loginSuccess" time="0.523"/>
  <system-out/>
  <testcase classname="tests.LoginSuccess" name="loginFail" time="2.443"/>
  <system-out/>
</testsuite> <!-- tests.LoginSuccess -->
