<?xml version="1.0" encoding="UTF-8"?>
<!-- Generated by org.testng.reporters.JUnitReportReporter -->
<testsuite hostname="Zacs-MacBook-Pro.local" failures="0" tests="6" name="tests.LoginFirefox" time="13.950" errors="0" timestamp="2021-05-19T15:06:55 PDT" skipped="0">
  <testcase classname="tests.LoginFirefox" name="loginSuccess" time="0.872"/>
  <system-out/>
  <testcase classname="tests.LoginFirefox" name="noCredentials" time="0.580"/>
  <system-out/>
  <testcase classname="tests.LoginFirefox" name="loadTimeTest" time="10.102"/>
  <system-out/>
  <testcase classname="tests.LoginFirefox" name="lockedOutUser" time="0.695"/>
  <system-out/>
  <testcase classname="tests.LoginFirefox" name="tabbedNavigation" time="0.646"/>
  <system-out/>
  <testcase classname="tests.LoginFirefox" name="wrongCredentials" time="1.055"/>
  <system-out/>
</testsuite> <!-- tests.LoginFirefox -->
