<?xml version="1.0" encoding="UTF-8"?>
<!-- Generated by org.testng.reporters.JUnitReportReporter -->
<testsuite hostname="Zacs-MacBook-Pro.local" failures="0" tests="1" name="tests.LoginTest" time="1.224" errors="0" timestamp="2021-05-18T13:54:51 PDT" skipped="0">
  <testcase classname="tests.LoginTest" name="loginSuccess" time="1.224"/>
  <system-out/>
</testsuite> <!-- tests.LoginTest -->
