<?xml version="1.0" encoding="UTF-8"?>
<!-- Generated by org.testng.reporters.JUnitReportReporter -->
<testsuite hostname="Zacs-MacBook-Pro.local" failures="0" tests="6" name="tests.LoginChrome" time="11.450" errors="0" timestamp="2021-05-19T15:06:23 PDT" skipped="0">
  <testcase classname="tests.LoginChrome" name="noCredentials" time="0.391"/>
  <system-out/>
  <testcase classname="tests.LoginChrome" name="wrongCredentials" time="0.499"/>
  <system-out/>
  <testcase classname="tests.LoginChrome" name="tabbedNavigation" time="0.358"/>
  <system-out/>
  <testcase classname="tests.LoginChrome" name="loadTimeTest" time="9.116"/>
  <system-out/>
  <testcase classname="tests.LoginChrome" name="loginSuccess" time="0.622"/>
  <system-out/>
  <testcase classname="tests.LoginChrome" name="lockedOutUser" time="0.464"/>
  <system-out/>
</testsuite> <!-- tests.LoginChrome -->
